0 info it worked if it ends with ok
1 verbose cli [ 'D:\\Program Files\\nodejs\\node.exe',
1 verbose cli   'C:\\Users\\Administrator\\AppData\\Roaming\\npm\\node_modules\\npm\\bin\\npm-cli.js',
1 verbose cli   'run',
1 verbose cli   'deploy' ]
2 info using npm@3.9.6
3 info using node@v6.9.2
4 verbose run-script [ 'predeploy', 'deploy', 'postdeploy' ]
5 info lifecycle hexo-site@0.0.0~predeploy: hexo-site@0.0.0
6 silly lifecycle hexo-site@0.0.0~predeploy: no script for predeploy, continuing
7 info lifecycle hexo-site@0.0.0~deploy: hexo-site@0.0.0
8 verbose lifecycle hexo-site@0.0.0~deploy: unsafe-perm in lifecycle true
9 verbose lifecycle hexo-site@0.0.0~deploy: PATH: C:\Users\Administrator\AppData\Roaming\npm\node_modules\.npm_npminstall\npm\3.9.6\npm\bin\node-gyp-bin;C:\Users\Administrator\Desktop\收藏\hexoblog\node_modules\.bin;D:\Program Files\nodejs;D:\Program Files\cmder\bin;D:\Program Files\cmder\vendor\conemu-maximus5\ConEmu\Scripts;D:\Program Files\cmder\vendor\conemu-maximus5;D:\Program Files\cmder\vendor\conemu-maximus5\ConEmu;d:\Ruby23-x64\bin;C:\Program Files (x86)\Intel\iCLS Client\;C:\Program Files\Intel\iCLS Client\;C:\WINDOWS\system32;C:\WINDOWS;C:\WINDOWS\System32\Wbem;C:\WINDOWS\System32\WindowsPowerShell\v1.0\;C:\Program Files\Intel\Intel(R) Management Engine Components\DAL;C:\Program Files\Intel\Intel(R) Management Engine Components\IPT;C:\Program Files (x86)\Intel\Intel(R) Management Engine Components\DAL;C:\Program Files (x86)\Intel\Intel(R) Management Engine Components\IPT;d:\Program Files\Java\jdk1.6.0_45\bin;d:\Program Files\Git\cmd;C:\Program Files\TortoiseSVN\bin;D:\Program Files\nodejs\;C:\Program Files\TortoiseGit\bin;C:\Users\Administrator\AppData\Local\Microsoft\WindowsApps;C:\Users\Administrator\AppData\Local\atom\bin;C:\Users\Administrator\AppData\Roaming\npm;d:\Program Files\Git\usr\bin;d:\Program Files\Git\usr\share\vim\vim74;D:\Program Files\cmder\
10 verbose lifecycle hexo-site@0.0.0~deploy: CWD: C:\Users\Administrator\Desktop\收藏\hexoblog
11 silly lifecycle hexo-site@0.0.0~deploy: Args: [ '/d /s /c', 'hexo clean && hexo g && hexo deploy' ]
12 silly lifecycle hexo-site@0.0.0~deploy: Returned: code: 2  signal: null
13 info lifecycle hexo-site@0.0.0~deploy: Failed to exec deploy script
14 verbose stack Error: hexo-site@0.0.0 deploy: `hexo clean && hexo g && hexo deploy`
14 verbose stack Exit status 2
14 verbose stack     at EventEmitter.<anonymous> (C:\Users\Administrator\AppData\Roaming\npm\node_modules\.npm_npminstall\npm\3.9.6\npm\lib\utils\lifecycle.js:245:16)
14 verbose stack     at emitTwo (events.js:106:13)
14 verbose stack     at EventEmitter.emit (events.js:191:7)
14 verbose stack     at ChildProcess.<anonymous> (C:\Users\Administrator\AppData\Roaming\npm\node_modules\.npm_npminstall\npm\3.9.6\npm\lib\utils\spawn.js:24:14)
14 verbose stack     at emitTwo (events.js:106:13)
14 verbose stack     at ChildProcess.emit (events.js:191:7)
14 verbose stack     at maybeClose (internal/child_process.js:877:16)
14 verbose stack     at Process.ChildProcess._handle.onexit (internal/child_process.js:226:5)
15 verbose pkgid hexo-site@0.0.0
16 verbose cwd C:\Users\Administrator\Desktop\收藏\hexoblog
17 error Windows_NT 10.0.14393
18 error argv "D:\\Program Files\\nodejs\\node.exe" "C:\\Users\\Administrator\\AppData\\Roaming\\npm\\node_modules\\npm\\bin\\npm-cli.js" "run" "deploy"
19 error node v6.9.2
20 error npm  v3.9.6
21 error code ELIFECYCLE
22 error hexo-site@0.0.0 deploy: `hexo clean && hexo g && hexo deploy`
22 error Exit status 2
23 error Failed at the hexo-site@0.0.0 deploy script 'hexo clean && hexo g && hexo deploy'.
23 error Make sure you have the latest version of node.js and npm installed.
23 error If you do, this is most likely a problem with the hexo-site package,
23 error not with npm itself.
23 error Tell the author that this fails on your system:
23 error     hexo clean && hexo g && hexo deploy
23 error You can get information on how to open an issue for this project with:
23 error     npm bugs hexo-site
23 error Or if that isn't available, you can get their info via:
23 error     npm owner ls hexo-site
23 error There is likely additional logging output above.
24 verbose exit [ 1, true ]
